<?xml version="1.0" encoding="UTF-8"?>
<testng-results ignored="0" total="1" passed="1" failed="0" skipped="0">
  <reporter-output>
  </reporter-output>
  <suite started-at="2025-07-15T17:08:52 IST" name="Default suite" finished-at="2025-07-15T17:09:12 IST" duration-ms="19203">
    <groups>
    </groups>
    <test started-at="2025-07-15T17:08:52 IST" name="Default test" finished-at="2025-07-15T17:09:12 IST" duration-ms="19203">
      <class name="com.Ecommerce.DblazeCartPageObj">
        <test-method is-config="true" signature="setUp()[pri:0, instance:com.Ecommerce.DblazeCartPageObj@55a147cc]" started-at="2025-07-15T17:08:53 IST" name="setUp" finished-at="2025-07-15T17:09:00 IST" duration-ms="7129" status="PASS">
          <reporter-output>
          </reporter-output>
        </test-method> <!-- setUp -->
        <test-method signature="regandchkoutflow()[pri:0, instance:com.Ecommerce.DblazeCartPageObj@55a147cc]" started-at="2025-07-15T17:09:00 IST" name="regandchkoutflow" finished-at="2025-07-15T17:09:10 IST" duration-ms="10269" status="PASS">
          <reporter-output>
          </reporter-output>
        </test-method> <!-- regandchkoutflow -->
        <test-method is-config="true" signature="closebrowser()[pri:0, instance:com.Ecommerce.DblazeCartPageObj@55a147cc]" started-at="2025-07-15T17:09:10 IST" name="closebrowser" finished-at="2025-07-15T17:09:12 IST" duration-ms="1708" status="PASS">
          <reporter-output>
          </reporter-output>
        </test-method> <!-- closebrowser -->
      </class> <!-- com.Ecommerce.DblazeCartPageObj -->
    </test> <!-- Default test -->
  </suite> <!-- Default suite -->
</testng-results>
